mode: set
github.com/StratoNET/bnb-bookings/cmd/web/main.go:28.13,31.16 2 0
github.com/StratoNET/bnb-bookings/cmd/web/main.go:36.2,46.16 5 0
github.com/StratoNET/bnb-bookings/cmd/web/main.go:31.16,33.3 1 0
github.com/StratoNET/bnb-bookings/cmd/web/main.go:50.39,80.16 19 1
github.com/StratoNET/bnb-bookings/cmd/web/main.go:83.2,86.16 3 1
github.com/StratoNET/bnb-bookings/cmd/web/main.go:91.2,101.16 7 1
github.com/StratoNET/bnb-bookings/cmd/web/main.go:80.16,82.3 1 0
github.com/StratoNET/bnb-bookings/cmd/web/main.go:86.16,89.3 2 0
github.com/StratoNET/bnb-bookings/cmd/web/middleware.go:10.45,21.2 3 1
github.com/StratoNET/bnb-bookings/cmd/web/middleware.go:24.50,26.2 1 1
github.com/StratoNET/bnb-bookings/cmd/web/routes.go:12.49,46.2 20 1
