mode: set
github.com/StratoNET/bnb-bookings/internal/render/render.go:35.33,37.2 1 0
github.com/StratoNET/bnb-bookings/internal/render/render.go:40.35,43.29 3 0
github.com/StratoNET/bnb-bookings/internal/render/render.go:46.2,46.13 1 0
github.com/StratoNET/bnb-bookings/internal/render/render.go:43.29,45.3 1 0
github.com/StratoNET/bnb-bookings/internal/render/render.go:50.39,52.2 1 1
github.com/StratoNET/bnb-bookings/internal/render/render.go:54.84,62.49 6 1
github.com/StratoNET/bnb-bookings/internal/render/render.go:65.2,65.11 1 1
github.com/StratoNET/bnb-bookings/internal/render/render.go:62.49,64.3 1 0
github.com/StratoNET/bnb-bookings/internal/render/render.go:69.99,73.18 2 1
github.com/StratoNET/bnb-bookings/internal/render/render.go:81.2,82.9 2 1
github.com/StratoNET/bnb-bookings/internal/render/render.go:86.2,92.16 4 1
github.com/StratoNET/bnb-bookings/internal/render/render.go:96.2,97.16 2 1
github.com/StratoNET/bnb-bookings/internal/render/render.go:102.2,102.12 1 1
github.com/StratoNET/bnb-bookings/internal/render/render.go:73.18,76.3 1 0
github.com/StratoNET/bnb-bookings/internal/render/render.go:76.8,79.3 1 1
github.com/StratoNET/bnb-bookings/internal/render/render.go:82.9,84.3 1 1
github.com/StratoNET/bnb-bookings/internal/render/render.go:92.16,94.3 1 0
github.com/StratoNET/bnb-bookings/internal/render/render.go:97.16,100.3 2 0
github.com/StratoNET/bnb-bookings/internal/render/render.go:107.67,112.16 3 1
github.com/StratoNET/bnb-bookings/internal/render/render.go:116.2,116.29 1 1
github.com/StratoNET/bnb-bookings/internal/render/render.go:144.2,144.21 1 1
github.com/StratoNET/bnb-bookings/internal/render/render.go:112.16,114.3 1 0
github.com/StratoNET/bnb-bookings/internal/render/render.go:116.29,122.17 3 1
github.com/StratoNET/bnb-bookings/internal/render/render.go:126.3,128.17 2 1
github.com/StratoNET/bnb-bookings/internal/render/render.go:132.3,132.23 1 1
github.com/StratoNET/bnb-bookings/internal/render/render.go:140.3,140.21 1 1
github.com/StratoNET/bnb-bookings/internal/render/render.go:122.17,124.4 1 0
github.com/StratoNET/bnb-bookings/internal/render/render.go:128.17,130.4 1 0
github.com/StratoNET/bnb-bookings/internal/render/render.go:132.23,135.18 2 1
github.com/StratoNET/bnb-bookings/internal/render/render.go:135.18,137.5 1 0
