mode: set
github.com/StratoNET/bnb-bookings/internal/render/render.go:24.39,26.2 1 1
github.com/StratoNET/bnb-bookings/internal/render/render.go:28.84,36.2 6 1
github.com/StratoNET/bnb-bookings/internal/render/render.go:39.99,43.18 2 1
github.com/StratoNET/bnb-bookings/internal/render/render.go:51.2,52.9 2 1
github.com/StratoNET/bnb-bookings/internal/render/render.go:56.2,62.16 4 1
github.com/StratoNET/bnb-bookings/internal/render/render.go:66.2,67.16 2 1
github.com/StratoNET/bnb-bookings/internal/render/render.go:72.2,72.12 1 1
github.com/StratoNET/bnb-bookings/internal/render/render.go:43.18,46.3 1 0
github.com/StratoNET/bnb-bookings/internal/render/render.go:46.8,49.3 1 1
github.com/StratoNET/bnb-bookings/internal/render/render.go:52.9,54.3 1 1
github.com/StratoNET/bnb-bookings/internal/render/render.go:62.16,64.3 1 0
github.com/StratoNET/bnb-bookings/internal/render/render.go:67.16,70.3 2 0
github.com/StratoNET/bnb-bookings/internal/render/render.go:77.67,82.16 3 1
github.com/StratoNET/bnb-bookings/internal/render/render.go:86.2,86.29 1 1
github.com/StratoNET/bnb-bookings/internal/render/render.go:114.2,114.21 1 1
github.com/StratoNET/bnb-bookings/internal/render/render.go:82.16,84.3 1 0
github.com/StratoNET/bnb-bookings/internal/render/render.go:86.29,92.17 3 1
github.com/StratoNET/bnb-bookings/internal/render/render.go:96.3,98.17 2 1
github.com/StratoNET/bnb-bookings/internal/render/render.go:102.3,102.23 1 1
github.com/StratoNET/bnb-bookings/internal/render/render.go:110.3,110.21 1 1
github.com/StratoNET/bnb-bookings/internal/render/render.go:92.17,94.4 1 0
github.com/StratoNET/bnb-bookings/internal/render/render.go:98.17,100.4 1 0
github.com/StratoNET/bnb-bookings/internal/render/render.go:102.23,105.18 2 1
github.com/StratoNET/bnb-bookings/internal/render/render.go:105.18,107.5 1 0
