mode: set
github.com/StratoNET/bnb-bookings/internal/handlers/handlers.go:32.70,37.2 1 1
github.com/StratoNET/bnb-bookings/internal/handlers/handlers.go:40.57,45.2 1 1
github.com/StratoNET/bnb-bookings/internal/handlers/handlers.go:48.33,50.2 1 1
github.com/StratoNET/bnb-bookings/internal/handlers/handlers.go:53.68,55.2 1 1
github.com/StratoNET/bnb-bookings/internal/handlers/handlers.go:58.68,60.2 1 1
github.com/StratoNET/bnb-bookings/internal/handlers/handlers.go:63.65,65.2 1 1
github.com/StratoNET/bnb-bookings/internal/handlers/handlers.go:68.65,70.2 1 1
github.com/StratoNET/bnb-bookings/internal/handlers/handlers.go:73.75,75.2 1 1
github.com/StratoNET/bnb-bookings/internal/handlers/handlers.go:78.79,81.16 2 1
github.com/StratoNET/bnb-bookings/internal/handlers/handlers.go:87.2,93.16 5 1
github.com/StratoNET/bnb-bookings/internal/handlers/handlers.go:98.2,99.16 2 1
github.com/StratoNET/bnb-bookings/internal/handlers/handlers.go:105.2,106.16 2 1
github.com/StratoNET/bnb-bookings/internal/handlers/handlers.go:112.2,112.21 1 1
github.com/StratoNET/bnb-bookings/internal/handlers/handlers.go:120.2,134.4 5 1
github.com/StratoNET/bnb-bookings/internal/handlers/handlers.go:81.16,85.3 3 1
github.com/StratoNET/bnb-bookings/internal/handlers/handlers.go:93.16,97.3 3 1
github.com/StratoNET/bnb-bookings/internal/handlers/handlers.go:99.16,103.3 3 1
github.com/StratoNET/bnb-bookings/internal/handlers/handlers.go:106.16,110.3 3 1
github.com/StratoNET/bnb-bookings/internal/handlers/handlers.go:112.21,117.3 3 1
github.com/StratoNET/bnb-bookings/internal/handlers/handlers.go:147.84,150.16 2 1
github.com/StratoNET/bnb-bookings/internal/handlers/handlers.go:162.2,172.16 8 1
github.com/StratoNET/bnb-bookings/internal/handlers/handlers.go:184.2,195.14 4 1
github.com/StratoNET/bnb-bookings/internal/handlers/handlers.go:150.16,160.3 5 1
github.com/StratoNET/bnb-bookings/internal/handlers/handlers.go:172.16,182.3 5 1
github.com/StratoNET/bnb-bookings/internal/handlers/handlers.go:199.74,202.9 2 1
github.com/StratoNET/bnb-bookings/internal/handlers/handlers.go:209.2,210.16 2 1
github.com/StratoNET/bnb-bookings/internal/handlers/handlers.go:215.2,235.4 10 1
github.com/StratoNET/bnb-bookings/internal/handlers/handlers.go:202.9,206.3 3 1
github.com/StratoNET/bnb-bookings/internal/handlers/handlers.go:210.16,214.3 3 1
github.com/StratoNET/bnb-bookings/internal/handlers/handlers.go:239.78,242.9 2 1
github.com/StratoNET/bnb-bookings/internal/handlers/handlers.go:249.2,250.16 2 1
github.com/StratoNET/bnb-bookings/internal/handlers/handlers.go:256.2,271.23 11 1
github.com/StratoNET/bnb-bookings/internal/handlers/handlers.go:293.2,294.16 2 1
github.com/StratoNET/bnb-bookings/internal/handlers/handlers.go:301.2,310.16 3 1
github.com/StratoNET/bnb-bookings/internal/handlers/handlers.go:317.2,348.66 8 1
github.com/StratoNET/bnb-bookings/internal/handlers/handlers.go:242.9,246.3 3 1
github.com/StratoNET/bnb-bookings/internal/handlers/handlers.go:250.16,254.3 3 1
github.com/StratoNET/bnb-bookings/internal/handlers/handlers.go:271.23,290.3 10 1
github.com/StratoNET/bnb-bookings/internal/handlers/handlers.go:294.16,298.3 3 1
github.com/StratoNET/bnb-bookings/internal/handlers/handlers.go:310.16,314.3 3 1
github.com/StratoNET/bnb-bookings/internal/handlers/handlers.go:352.81,355.9 2 1
github.com/StratoNET/bnb-bookings/internal/handlers/handlers.go:362.2,378.4 9 1
github.com/StratoNET/bnb-bookings/internal/handlers/handlers.go:355.9,359.3 3 1
github.com/StratoNET/bnb-bookings/internal/handlers/handlers.go:382.73,386.16 3 1
github.com/StratoNET/bnb-bookings/internal/handlers/handlers.go:392.2,393.9 2 1
github.com/StratoNET/bnb-bookings/internal/handlers/handlers.go:399.2,401.63 3 1
github.com/StratoNET/bnb-bookings/internal/handlers/handlers.go:386.16,390.3 3 1
github.com/StratoNET/bnb-bookings/internal/handlers/handlers.go:393.9,397.3 3 1
github.com/StratoNET/bnb-bookings/internal/handlers/handlers.go:406.70,408.2 1 1
github.com/StratoNET/bnb-bookings/internal/handlers/handlers.go:411.74,428.16 9 1
github.com/StratoNET/bnb-bookings/internal/handlers/handlers.go:435.2,442.63 6 1
github.com/StratoNET/bnb-bookings/internal/handlers/handlers.go:428.16,432.3 3 1
github.com/StratoNET/bnb-bookings/internal/handlers/handlers.go:447.68,451.2 1 1
github.com/StratoNET/bnb-bookings/internal/handlers/handlers.go:454.72,459.16 3 1
github.com/StratoNET/bnb-bookings/internal/handlers/handlers.go:462.2,468.23 6 1
github.com/StratoNET/bnb-bookings/internal/handlers/handlers.go:479.2,480.16 2 1
github.com/StratoNET/bnb-bookings/internal/handlers/handlers.go:487.2,489.47 3 1
github.com/StratoNET/bnb-bookings/internal/handlers/handlers.go:459.16,461.3 1 0
github.com/StratoNET/bnb-bookings/internal/handlers/handlers.go:468.23,477.3 5 1
github.com/StratoNET/bnb-bookings/internal/handlers/handlers.go:480.16,485.3 4 1
github.com/StratoNET/bnb-bookings/internal/handlers/handlers.go:493.69,497.2 3 1
github.com/StratoNET/bnb-bookings/internal/handlers/handlers.go:500.77,502.2 1 1
github.com/StratoNET/bnb-bookings/internal/handlers/handlers.go:505.83,507.16 2 1
github.com/StratoNET/bnb-bookings/internal/handlers/handlers.go:513.2,518.4 3 1
github.com/StratoNET/bnb-bookings/internal/handlers/handlers.go:507.16,511.3 3 0
github.com/StratoNET/bnb-bookings/internal/handlers/handlers.go:522.83,524.16 2 1
github.com/StratoNET/bnb-bookings/internal/handlers/handlers.go:530.2,535.4 3 1
github.com/StratoNET/bnb-bookings/internal/handlers/handlers.go:524.16,528.3 3 0
github.com/StratoNET/bnb-bookings/internal/handlers/handlers.go:539.88,543.34 2 1
github.com/StratoNET/bnb-bookings/internal/handlers/handlers.go:550.2,578.16 22 1
github.com/StratoNET/bnb-bookings/internal/handlers/handlers.go:583.2,587.27 3 1
github.com/StratoNET/bnb-bookings/internal/handlers/handlers.go:623.2,627.4 1 1
github.com/StratoNET/bnb-bookings/internal/handlers/handlers.go:543.34,548.3 3 0
github.com/StratoNET/bnb-bookings/internal/handlers/handlers.go:578.16,581.3 2 0
github.com/StratoNET/bnb-bookings/internal/handlers/handlers.go:587.27,591.78 3 0
github.com/StratoNET/bnb-bookings/internal/handlers/handlers.go:597.3,598.17 2 0
github.com/StratoNET/bnb-bookings/internal/handlers/handlers.go:603.3,603.35 1 0
github.com/StratoNET/bnb-bookings/internal/handlers/handlers.go:616.3,619.83 3 0
github.com/StratoNET/bnb-bookings/internal/handlers/handlers.go:591.78,595.4 2 0
github.com/StratoNET/bnb-bookings/internal/handlers/handlers.go:598.17,601.4 2 0
github.com/StratoNET/bnb-bookings/internal/handlers/handlers.go:603.35,604.29 1 0
github.com/StratoNET/bnb-bookings/internal/handlers/handlers.go:604.29,606.73 1 0
github.com/StratoNET/bnb-bookings/internal/handlers/handlers.go:606.73,608.6 1 0
github.com/StratoNET/bnb-bookings/internal/handlers/handlers.go:609.10,611.73 1 0
github.com/StratoNET/bnb-bookings/internal/handlers/handlers.go:611.73,613.6 1 0
github.com/StratoNET/bnb-bookings/internal/handlers/handlers.go:631.92,634.16 2 0
github.com/StratoNET/bnb-bookings/internal/handlers/handlers.go:638.2,646.16 5 0
github.com/StratoNET/bnb-bookings/internal/handlers/handlers.go:652.2,655.27 2 0
github.com/StratoNET/bnb-bookings/internal/handlers/handlers.go:681.2,681.38 1 0
github.com/StratoNET/bnb-bookings/internal/handlers/handlers.go:695.2,696.105 2 0
github.com/StratoNET/bnb-bookings/internal/handlers/handlers.go:634.16,636.3 1 0
github.com/StratoNET/bnb-bookings/internal/handlers/handlers.go:646.16,649.3 2 0
github.com/StratoNET/bnb-bookings/internal/handlers/handlers.go:655.27,663.46 2 0
github.com/StratoNET/bnb-bookings/internal/handlers/handlers.go:663.46,665.49 1 0
github.com/StratoNET/bnb-bookings/internal/handlers/handlers.go:665.49,667.18 1 0
github.com/StratoNET/bnb-bookings/internal/handlers/handlers.go:667.18,668.75 1 0
github.com/StratoNET/bnb-bookings/internal/handlers/handlers.go:668.75,671.21 2 0
github.com/StratoNET/bnb-bookings/internal/handlers/handlers.go:671.21,673.8 1 0
github.com/StratoNET/bnb-bookings/internal/handlers/handlers.go:681.38,682.52 1 0
github.com/StratoNET/bnb-bookings/internal/handlers/handlers.go:682.52,689.18 6 0
github.com/StratoNET/bnb-bookings/internal/handlers/handlers.go:689.18,691.5 1 0
github.com/StratoNET/bnb-bookings/internal/handlers/handlers.go:700.86,702.16 2 0
github.com/StratoNET/bnb-bookings/internal/handlers/handlers.go:706.2,709.16 3 0
github.com/StratoNET/bnb-bookings/internal/handlers/handlers.go:715.2,720.35 4 0
github.com/StratoNET/bnb-bookings/internal/handlers/handlers.go:702.16,705.3 2 0
github.com/StratoNET/bnb-bookings/internal/handlers/handlers.go:709.16,713.3 3 0
github.com/StratoNET/bnb-bookings/internal/handlers/handlers.go:720.35,722.3 1 0
github.com/StratoNET/bnb-bookings/internal/handlers/handlers.go:722.8,724.3 1 0
github.com/StratoNET/bnb-bookings/internal/handlers/handlers.go:728.85,730.16 2 0
github.com/StratoNET/bnb-bookings/internal/handlers/handlers.go:734.2,737.16 3 0
github.com/StratoNET/bnb-bookings/internal/handlers/handlers.go:743.2,748.35 4 0
github.com/StratoNET/bnb-bookings/internal/handlers/handlers.go:730.16,733.3 2 0
github.com/StratoNET/bnb-bookings/internal/handlers/handlers.go:737.16,741.3 3 0
github.com/StratoNET/bnb-bookings/internal/handlers/handlers.go:748.35,750.3 1 0
github.com/StratoNET/bnb-bookings/internal/handlers/handlers.go:750.8,752.3 1 0
github.com/StratoNET/bnb-bookings/internal/handlers/handlers.go:756.79,760.16 3 1
github.com/StratoNET/bnb-bookings/internal/handlers/handlers.go:765.2,772.16 7 1
github.com/StratoNET/bnb-bookings/internal/handlers/handlers.go:778.2,785.4 3 1
github.com/StratoNET/bnb-bookings/internal/handlers/handlers.go:760.16,764.3 3 0
github.com/StratoNET/bnb-bookings/internal/handlers/handlers.go:772.16,776.3 3 0
github.com/StratoNET/bnb-bookings/internal/handlers/handlers.go:789.83,792.16 2 0
github.com/StratoNET/bnb-bookings/internal/handlers/handlers.go:797.2,799.16 3 0
github.com/StratoNET/bnb-bookings/internal/handlers/handlers.go:803.2,808.16 5 0
github.com/StratoNET/bnb-bookings/internal/handlers/handlers.go:814.2,830.23 11 0
github.com/StratoNET/bnb-bookings/internal/handlers/handlers.go:854.2,855.16 2 0
github.com/StratoNET/bnb-bookings/internal/handlers/handlers.go:861.2,866.35 4 0
github.com/StratoNET/bnb-bookings/internal/handlers/handlers.go:792.16,795.3 2 0
github.com/StratoNET/bnb-bookings/internal/handlers/handlers.go:799.16,802.3 2 0
github.com/StratoNET/bnb-bookings/internal/handlers/handlers.go:808.16,812.3 3 0
github.com/StratoNET/bnb-bookings/internal/handlers/handlers.go:830.23,851.3 11 0
github.com/StratoNET/bnb-bookings/internal/handlers/handlers.go:855.16,859.3 3 0
github.com/StratoNET/bnb-bookings/internal/handlers/handlers.go:866.35,868.3 1 0
github.com/StratoNET/bnb-bookings/internal/handlers/handlers.go:868.8,870.3 1 0
