mode: set
github.com/StratoNET/bnb-bookings/internal/handlers/handlers.go:29.70,34.2 1 1
github.com/StratoNET/bnb-bookings/internal/handlers/handlers.go:37.57,42.2 1 1
github.com/StratoNET/bnb-bookings/internal/handlers/handlers.go:45.33,47.2 1 1
github.com/StratoNET/bnb-bookings/internal/handlers/handlers.go:50.68,52.2 1 1
github.com/StratoNET/bnb-bookings/internal/handlers/handlers.go:55.68,57.2 1 1
github.com/StratoNET/bnb-bookings/internal/handlers/handlers.go:60.65,62.2 1 1
github.com/StratoNET/bnb-bookings/internal/handlers/handlers.go:65.65,67.2 1 1
github.com/StratoNET/bnb-bookings/internal/handlers/handlers.go:70.75,72.2 1 1
github.com/StratoNET/bnb-bookings/internal/handlers/handlers.go:75.79,78.16 2 1
github.com/StratoNET/bnb-bookings/internal/handlers/handlers.go:84.2,90.16 5 1
github.com/StratoNET/bnb-bookings/internal/handlers/handlers.go:95.2,96.16 2 1
github.com/StratoNET/bnb-bookings/internal/handlers/handlers.go:102.2,103.16 2 1
github.com/StratoNET/bnb-bookings/internal/handlers/handlers.go:109.2,109.21 1 1
github.com/StratoNET/bnb-bookings/internal/handlers/handlers.go:117.2,131.4 5 1
github.com/StratoNET/bnb-bookings/internal/handlers/handlers.go:78.16,82.3 3 1
github.com/StratoNET/bnb-bookings/internal/handlers/handlers.go:90.16,94.3 3 1
github.com/StratoNET/bnb-bookings/internal/handlers/handlers.go:96.16,100.3 3 1
github.com/StratoNET/bnb-bookings/internal/handlers/handlers.go:103.16,107.3 3 1
github.com/StratoNET/bnb-bookings/internal/handlers/handlers.go:109.21,114.3 3 1
github.com/StratoNET/bnb-bookings/internal/handlers/handlers.go:144.84,147.16 2 1
github.com/StratoNET/bnb-bookings/internal/handlers/handlers.go:159.2,169.16 8 1
github.com/StratoNET/bnb-bookings/internal/handlers/handlers.go:181.2,192.14 4 1
github.com/StratoNET/bnb-bookings/internal/handlers/handlers.go:147.16,157.3 5 1
github.com/StratoNET/bnb-bookings/internal/handlers/handlers.go:169.16,179.3 5 1
github.com/StratoNET/bnb-bookings/internal/handlers/handlers.go:196.74,199.9 2 1
github.com/StratoNET/bnb-bookings/internal/handlers/handlers.go:206.2,207.16 2 1
github.com/StratoNET/bnb-bookings/internal/handlers/handlers.go:212.2,232.4 10 1
github.com/StratoNET/bnb-bookings/internal/handlers/handlers.go:199.9,203.3 3 1
github.com/StratoNET/bnb-bookings/internal/handlers/handlers.go:207.16,211.3 3 1
github.com/StratoNET/bnb-bookings/internal/handlers/handlers.go:236.78,239.9 2 1
github.com/StratoNET/bnb-bookings/internal/handlers/handlers.go:246.2,247.16 2 1
github.com/StratoNET/bnb-bookings/internal/handlers/handlers.go:253.2,269.23 11 1
github.com/StratoNET/bnb-bookings/internal/handlers/handlers.go:291.2,292.16 2 1
github.com/StratoNET/bnb-bookings/internal/handlers/handlers.go:299.2,308.16 3 1
github.com/StratoNET/bnb-bookings/internal/handlers/handlers.go:315.2,316.66 2 1
github.com/StratoNET/bnb-bookings/internal/handlers/handlers.go:239.9,243.3 3 1
github.com/StratoNET/bnb-bookings/internal/handlers/handlers.go:247.16,251.3 3 1
github.com/StratoNET/bnb-bookings/internal/handlers/handlers.go:269.23,288.3 10 1
github.com/StratoNET/bnb-bookings/internal/handlers/handlers.go:292.16,296.3 3 1
github.com/StratoNET/bnb-bookings/internal/handlers/handlers.go:308.16,312.3 3 1
github.com/StratoNET/bnb-bookings/internal/handlers/handlers.go:320.81,323.9 2 1
github.com/StratoNET/bnb-bookings/internal/handlers/handlers.go:330.2,346.4 9 1
github.com/StratoNET/bnb-bookings/internal/handlers/handlers.go:323.9,327.3 3 1
github.com/StratoNET/bnb-bookings/internal/handlers/handlers.go:350.73,354.16 3 1
github.com/StratoNET/bnb-bookings/internal/handlers/handlers.go:360.2,361.9 2 1
github.com/StratoNET/bnb-bookings/internal/handlers/handlers.go:367.2,369.63 3 1
github.com/StratoNET/bnb-bookings/internal/handlers/handlers.go:354.16,358.3 3 1
github.com/StratoNET/bnb-bookings/internal/handlers/handlers.go:361.9,365.3 3 1
github.com/StratoNET/bnb-bookings/internal/handlers/handlers.go:374.70,376.2 1 1
github.com/StratoNET/bnb-bookings/internal/handlers/handlers.go:379.74,396.16 9 1
github.com/StratoNET/bnb-bookings/internal/handlers/handlers.go:403.2,410.63 6 1
github.com/StratoNET/bnb-bookings/internal/handlers/handlers.go:396.16,400.3 3 1
